<?xml version="1.0" encoding="UTF-8"?>
<testsuite name="our.war.help.controller.UsersControllerTest" tests="2" skipped="0" failures="0" errors="0" timestamp="2023-02-20T12:46:28" hostname="acer-Aspire-V3-574G" time="0.549">
  <properties/>
  <testcase name="registerUser()" classname="our.war.help.controller.UsersControllerTest" time="0.367"/>
  <testcase name="authUser()" classname="our.war.help.controller.UsersControllerTest" time="0.179"/>
  <system-out><![CDATA[14:46:19.476 [Test worker] DEBUG org.springframework.test.context.BootstrapUtils - Instantiating CacheAwareContextLoaderDelegate from class [org.springframework.test.context.cache.DefaultCacheAwareContextLoaderDelegate]
14:46:19.492 [Test worker] DEBUG org.springframework.test.context.BootstrapUtils - Instantiating BootstrapContext using constructor [public org.springframework.test.context.support.DefaultBootstrapContext(java.lang.Class,org.springframework.test.context.CacheAwareContextLoaderDelegate)]
14:46:19.543 [Test worker] DEBUG org.springframework.test.context.BootstrapUtils - Instantiating TestContextBootstrapper for test class [our.war.help.controller.UsersControllerTest] from class [org.springframework.boot.test.context.SpringBootTestContextBootstrapper]
14:46:19.559 [Test worker] INFO org.springframework.boot.test.context.SpringBootTestContextBootstrapper - Neither @ContextConfiguration nor @ContextHierarchy found for test class [our.war.help.controller.UsersControllerTest], using SpringBootContextLoader
14:46:19.565 [Test worker] DEBUG org.springframework.test.context.support.AbstractContextLoader - Did not detect default resource location for test class [our.war.help.controller.UsersControllerTest]: class path resource [our/war/help/controller/UsersControllerTest-context.xml] does not exist
14:46:19.566 [Test worker] DEBUG org.springframework.test.context.support.AbstractContextLoader - Did not detect default resource location for test class [our.war.help.controller.UsersControllerTest]: class path resource [our/war/help/controller/UsersControllerTestContext.groovy] does not exist
14:46:19.566 [Test worker] INFO org.springframework.test.context.support.AbstractContextLoader - Could not detect default resource locations for test class [our.war.help.controller.UsersControllerTest]: no resource found for suffixes {-context.xml, Context.groovy}.
14:46:19.568 [Test worker] INFO org.springframework.test.context.support.AnnotationConfigContextLoaderUtils - Could not detect default configuration classes for test class [our.war.help.controller.UsersControllerTest]: UsersControllerTest does not declare any static, non-private, non-final, nested classes annotated with @Configuration.
14:46:19.647 [Test worker] DEBUG org.springframework.test.context.support.ActiveProfilesUtils - Could not find an 'annotation declaring class' for annotation type [org.springframework.test.context.ActiveProfiles] and class [our.war.help.controller.UsersControllerTest]
14:46:19.778 [Test worker] DEBUG org.springframework.context.annotation.ClassPathScanningCandidateComponentProvider - Identified candidate component class: file [/home/acer/Документи/help/build/classes/java/main/our/war/help/HelpApplication.class]
14:46:19.780 [Test worker] INFO org.springframework.boot.test.context.SpringBootTestContextBootstrapper - Found @SpringBootConfiguration our.war.help.HelpApplication for test class our.war.help.controller.UsersControllerTest
14:46:19.910 [Test worker] DEBUG org.springframework.boot.test.context.SpringBootTestContextBootstrapper - @TestExecutionListeners is not present for class [our.war.help.controller.UsersControllerTest]: using defaults.
14:46:19.911 [Test worker] INFO org.springframework.boot.test.context.SpringBootTestContextBootstrapper - Loaded default TestExecutionListener class names from location [META-INF/spring.factories]: [org.springframework.security.test.context.support.WithSecurityContextTestExecutionListener, org.springframework.security.test.context.support.ReactorContextTestExecutionListener, org.springframework.boot.test.autoconfigure.restdocs.RestDocsTestExecutionListener, org.springframework.boot.test.autoconfigure.web.client.MockRestServiceServerResetTestExecutionListener, org.springframework.boot.test.autoconfigure.web.servlet.MockMvcPrintOnlyOnFailureTestExecutionListener, org.springframework.boot.test.autoconfigure.web.servlet.WebDriverTestExecutionListener, org.springframework.boot.test.autoconfigure.webservices.client.MockWebServiceServerTestExecutionListener, org.springframework.boot.test.mock.mockito.MockitoTestExecutionListener, org.springframework.boot.test.mock.mockito.ResetMocksTestExecutionListener, org.springframework.test.context.web.ServletTestExecutionListener, org.springframework.test.context.support.DirtiesContextBeforeModesTestExecutionListener, org.springframework.test.context.event.ApplicationEventsTestExecutionListener, org.springframework.test.context.support.DependencyInjectionTestExecutionListener, org.springframework.test.context.support.DirtiesContextTestExecutionListener, org.springframework.test.context.transaction.TransactionalTestExecutionListener, org.springframework.test.context.jdbc.SqlScriptsTestExecutionListener, org.springframework.test.context.event.EventPublishingTestExecutionListener]
14:46:19.936 [Test worker] INFO org.springframework.boot.test.context.SpringBootTestContextBootstrapper - Using TestExecutionListeners: [org.springframework.test.context.web.ServletTestExecutionListener@1ea9f009, org.springframework.test.context.support.DirtiesContextBeforeModesTestExecutionListener@5d52e3ef, org.springframework.test.context.event.ApplicationEventsTestExecutionListener@5298dead, org.springframework.boot.test.mock.mockito.MockitoTestExecutionListener@553f3b6e, org.springframework.boot.test.autoconfigure.SpringBootDependencyInjectionTestExecutionListener@4c7a078, org.springframework.test.context.support.DirtiesContextTestExecutionListener@4e406694, org.springframework.test.context.transaction.TransactionalTestExecutionListener@5ab9b447, org.springframework.test.context.jdbc.SqlScriptsTestExecutionListener@76f10035, org.springframework.security.test.context.support.WithSecurityContextTestExecutionListener@4f8caaf3, org.springframework.test.context.event.EventPublishingTestExecutionListener@2b50150, org.springframework.security.test.context.support.ReactorContextTestExecutionListener@15b986cd, org.springframework.boot.test.autoconfigure.restdocs.RestDocsTestExecutionListener@6bb7cce7, org.springframework.boot.test.autoconfigure.web.client.MockRestServiceServerResetTestExecutionListener@41c62850, org.springframework.boot.test.autoconfigure.web.servlet.MockMvcPrintOnlyOnFailureTestExecutionListener@6b530eb9, org.springframework.boot.test.autoconfigure.web.servlet.WebDriverTestExecutionListener@328572f0, org.springframework.boot.test.autoconfigure.webservices.client.MockWebServiceServerTestExecutionListener@678040b3, org.springframework.boot.test.mock.mockito.ResetMocksTestExecutionListener@17f460bb]
14:46:19.942 [Test worker] DEBUG org.springframework.test.context.support.AbstractDirtiesContextTestExecutionListener - Before test class: context [DefaultTestContext@a68df9 testClass = UsersControllerTest, testInstance = [null], testMethod = [null], testException = [null], mergedContextConfiguration = [WebMergedContextConfiguration@28b576a9 testClass = UsersControllerTest, locations = '{}', classes = '{class our.war.help.HelpApplication}', contextInitializerClasses = '[]', activeProfiles = '{}', propertySourceLocations = '{}', propertySourceProperties = '{org.springframework.boot.test.context.SpringBootTestContextBootstrapper=true}', contextCustomizers = set[org.springframework.boot.test.autoconfigure.actuate.metrics.MetricsExportContextCustomizerFactory$DisableMetricExportContextCustomizer@650eab8, org.springframework.boot.test.autoconfigure.properties.PropertyMappingContextCustomizer@4b3fa0b3, org.springframework.boot.test.autoconfigure.web.servlet.WebDriverContextCustomizerFactory$Customizer@2783717b, [ImportsContextCustomizer@7cf7aee key = [org.springframework.boot.test.autoconfigure.web.servlet.MockMvcAutoConfiguration, org.springframework.boot.test.autoconfigure.web.servlet.MockMvcWebClientAutoConfiguration, org.springframework.boot.test.autoconfigure.web.servlet.MockMvcWebDriverAutoConfiguration, org.springframework.boot.autoconfigure.security.oauth2.client.servlet.OAuth2ClientAutoConfiguration, org.springframework.boot.autoconfigure.security.oauth2.resource.servlet.OAuth2ResourceServerAutoConfiguration, org.springframework.boot.autoconfigure.security.servlet.SecurityAutoConfiguration, org.springframework.boot.autoconfigure.security.servlet.SecurityFilterAutoConfiguration, org.springframework.boot.autoconfigure.security.servlet.UserDetailsServiceAutoConfiguration, org.springframework.boot.test.autoconfigure.web.servlet.MockMvcSecurityConfiguration, org.springframework.boot.test.autoconfigure.web.reactive.WebTestClientAutoConfiguration]], org.springframework.boot.test.context.filter.ExcludeFilterContextCustomizer@5536379e, org.springframework.boot.test.json.DuplicateJsonObjectContextCustomizerFactory$DuplicateJsonObjectContextCustomizer@1bc715b8, org.springframework.boot.test.mock.mockito.MockitoContextCustomizer@0, org.springframework.boot.test.web.client.TestRestTemplateContextCustomizer@16f7b4af, org.springframework.boot.test.context.SpringBootTestArgs@1, org.springframework.boot.test.context.SpringBootTestWebEnvironment@5f20155b], resourceBasePath = 'src/main/webapp', contextLoader = 'org.springframework.boot.test.context.SpringBootContextLoader', parent = [null]], attributes = map['org.springframework.test.context.web.ServletTestExecutionListener.activateListener' -> true]], class annotated with @DirtiesContext [false] with mode [null].

  .   ____          _            __ _ _
 /\\ / ___'_ __ _ _(_)_ __  __ _ \ \ \ \
( ( )\___ | '_ | '_| | '_ \/ _` | \ \ \ \
 \\/  ___)| |_)| | | | | || (_| |  ) ) ) )
  '  |____| .__|_| |_|_| |_\__, | / / / /
 =========|_|==============|___/=/_/_/_/
 :: Spring Boot ::                (v2.7.0)

2023-02-20 14:46:20.480  INFO 10553 --- [    Test worker] o.w.help.controller.UsersControllerTest  : Starting UsersControllerTest using Java 11.0.17 on acer-Aspire-V3-574G with PID 10553 (started by acer in /home/acer/Документи/help)
2023-02-20 14:46:20.484  INFO 10553 --- [    Test worker] o.w.help.controller.UsersControllerTest  : No active profile set, falling back to 1 default profile: "default"
2023-02-20 14:46:21.877  INFO 10553 --- [    Test worker] .s.d.r.c.RepositoryConfigurationDelegate : Bootstrapping Spring Data JPA repositories in DEFAULT mode.
2023-02-20 14:46:21.974  INFO 10553 --- [    Test worker] .s.d.r.c.RepositoryConfigurationDelegate : Finished Spring Data repository scanning in 84 ms. Found 5 JPA repository interfaces.
2023-02-20 14:46:22.903  INFO 10553 --- [    Test worker] o.hibernate.jpa.internal.util.LogHelper  : HHH000204: Processing PersistenceUnitInfo [name: default]
2023-02-20 14:46:22.966  INFO 10553 --- [    Test worker] org.hibernate.Version                    : HHH000412: Hibernate ORM core version 5.6.9.Final
2023-02-20 14:46:23.191  INFO 10553 --- [    Test worker] o.hibernate.annotations.common.Version   : HCANN000001: Hibernate Commons Annotations {5.1.2.Final}
2023-02-20 14:46:23.310  INFO 10553 --- [    Test worker] com.zaxxer.hikari.HikariDataSource       : HikariPool-1 - Starting...
2023-02-20 14:46:23.678  INFO 10553 --- [    Test worker] com.zaxxer.hikari.HikariDataSource       : HikariPool-1 - Start completed.
2023-02-20 14:46:23.699  INFO 10553 --- [    Test worker] org.hibernate.dialect.Dialect            : HHH000400: Using dialect: org.hibernate.dialect.PostgreSQLDialect
2023-02-20 14:46:24.808  INFO 10553 --- [    Test worker] o.h.e.t.j.p.i.JtaPlatformInitiator       : HHH000490: Using JtaPlatform implementation: [org.hibernate.engine.transaction.jta.platform.internal.NoJtaPlatform]
2023-02-20 14:46:24.819  INFO 10553 --- [    Test worker] j.LocalContainerEntityManagerFactoryBean : Initialized JPA EntityManagerFactory for persistence unit 'default'
2023-02-20 14:46:26.989  INFO 10553 --- [    Test worker] o.s.s.web.DefaultSecurityFilterChain     : Will secure any request with [org.springframework.security.web.session.DisableEncodeUrlFilter@1df8c7f4, org.springframework.security.web.context.request.async.WebAsyncManagerIntegrationFilter@75a6cdb, org.springframework.security.web.context.SecurityContextPersistenceFilter@78762e87, org.springframework.security.web.header.HeaderWriterFilter@9e2b199, org.springframework.web.filter.CorsFilter@1ce07709, org.springframework.security.web.authentication.logout.LogoutFilter@9886ec3, our.war.help.security.AuthTokenFilter@20e4e27f, org.springframework.security.web.savedrequest.RequestCacheAwareFilter@7a2b3cfd, org.springframework.security.web.servletapi.SecurityContextHolderAwareRequestFilter@6a77953c, org.springframework.security.web.authentication.AnonymousAuthenticationFilter@637de489, org.springframework.security.web.session.SessionManagementFilter@44b99467, org.springframework.security.web.access.ExceptionTranslationFilter@18f1260, org.springframework.security.web.access.intercept.FilterSecurityInterceptor@4a5e0faf]
2023-02-20 14:46:27.649  INFO 10553 --- [    Test worker] o.s.b.t.m.w.SpringBootMockServletContext : Initializing Spring TestDispatcherServlet ''
2023-02-20 14:46:27.649  INFO 10553 --- [    Test worker] o.s.t.web.servlet.TestDispatcherServlet  : Initializing Servlet ''
2023-02-20 14:46:27.652  INFO 10553 --- [    Test worker] o.s.t.web.servlet.TestDispatcherServlet  : Completed initialization in 3 ms
2023-02-20 14:46:28.196  INFO 10553 --- [    Test worker] o.w.help.controller.UsersControllerTest  : Started UsersControllerTest in 8.201 seconds (JVM running for 9.954)
2023-02-20 14:46:28.524  INFO 10553 --- [    Test worker] o.s.t.c.transaction.TransactionContext   : Began transaction (1) for test context [DefaultTestContext@a68df9 testClass = UsersControllerTest, testInstance = our.war.help.controller.UsersControllerTest@7731504, testMethod = registerUser@UsersControllerTest, testException = [null], mergedContextConfiguration = [WebMergedContextConfiguration@28b576a9 testClass = UsersControllerTest, locations = '{}', classes = '{class our.war.help.HelpApplication}', contextInitializerClasses = '[]', activeProfiles = '{}', propertySourceLocations = '{}', propertySourceProperties = '{org.springframework.boot.test.context.SpringBootTestContextBootstrapper=true}', contextCustomizers = set[org.springframework.boot.test.autoconfigure.actuate.metrics.MetricsExportContextCustomizerFactory$DisableMetricExportContextCustomizer@650eab8, org.springframework.boot.test.autoconfigure.properties.PropertyMappingContextCustomizer@4b3fa0b3, org.springframework.boot.test.autoconfigure.web.servlet.WebDriverContextCustomizerFactory$Customizer@2783717b, [ImportsContextCustomizer@7cf7aee key = [org.springframework.boot.test.autoconfigure.web.servlet.MockMvcAutoConfiguration, org.springframework.boot.test.autoconfigure.web.servlet.MockMvcWebClientAutoConfiguration, org.springframework.boot.test.autoconfigure.web.servlet.MockMvcWebDriverAutoConfiguration, org.springframework.boot.autoconfigure.security.oauth2.client.servlet.OAuth2ClientAutoConfiguration, org.springframework.boot.autoconfigure.security.oauth2.resource.servlet.OAuth2ResourceServerAutoConfiguration, org.springframework.boot.autoconfigure.security.servlet.SecurityAutoConfiguration, org.springframework.boot.autoconfigure.security.servlet.SecurityFilterAutoConfiguration, org.springframework.boot.autoconfigure.security.servlet.UserDetailsServiceAutoConfiguration, org.springframework.boot.test.autoconfigure.web.servlet.MockMvcSecurityConfiguration, org.springframework.boot.test.autoconfigure.web.reactive.WebTestClientAutoConfiguration]], org.springframework.boot.test.context.filter.ExcludeFilterContextCustomizer@5536379e, org.springframework.boot.test.json.DuplicateJsonObjectContextCustomizerFactory$DuplicateJsonObjectContextCustomizer@1bc715b8, org.springframework.boot.test.mock.mockito.MockitoContextCustomizer@0, org.springframework.boot.test.web.client.TestRestTemplateContextCustomizer@16f7b4af, org.springframework.boot.test.context.SpringBootTestArgs@1, org.springframework.boot.test.context.SpringBootTestWebEnvironment@5f20155b], resourceBasePath = 'src/main/webapp', contextLoader = 'org.springframework.boot.test.context.SpringBootContextLoader', parent = [null]], attributes = map['org.springframework.test.context.web.ServletTestExecutionListener.activateListener' -> true, 'org.springframework.test.context.web.ServletTestExecutionListener.populatedRequestContextHolder' -> true, 'org.springframework.test.context.web.ServletTestExecutionListener.resetRequestContextHolder' -> true, 'org.springframework.test.context.event.ApplicationEventsTestExecutionListener.recordApplicationEvents' -> false, 'org.springframework.boot.test.mock.mockito.MockitoTestExecutionListener.mocks' -> org.mockito.internal.configuration.InjectingAnnotationEngine$$Lambda$1859/0x0000000100ad8440@43c25e89]]; transaction manager [org.springframework.orm.jpa.JpaTransactionManager@2975715]; rollback [true]
Hibernate: select role0_.id as id1_1_, role0_.name as name2_1_ from roles role0_ where role0_.name=?
Hibernate: insert into users (email, first_name, last_name, password) values (?, ?, ?, ?)
Hibernate: select role0_.id as id1_1_, role0_.name as name2_1_ from roles role0_ where role0_.name=?
Hibernate: insert into users_roles (user_id, role_id) values (?, ?)
Hibernate: select user0_.id as id1_4_, user0_.email as email2_4_, user0_.first_name as first_na3_4_, user0_.last_name as last_nam4_4_, user0_.password as password5_4_ from users user0_ where user0_.email=?
2023-02-20 14:46:28.862  INFO 10553 --- [    Test worker] o.s.t.c.transaction.TransactionContext   : Rolled back transaction for test: [DefaultTestContext@a68df9 testClass = UsersControllerTest, testInstance = our.war.help.controller.UsersControllerTest@7731504, testMethod = registerUser@UsersControllerTest, testException = [null], mergedContextConfiguration = [WebMergedContextConfiguration@28b576a9 testClass = UsersControllerTest, locations = '{}', classes = '{class our.war.help.HelpApplication}', contextInitializerClasses = '[]', activeProfiles = '{}', propertySourceLocations = '{}', propertySourceProperties = '{org.springframework.boot.test.context.SpringBootTestContextBootstrapper=true}', contextCustomizers = set[org.springframework.boot.test.autoconfigure.actuate.metrics.MetricsExportContextCustomizerFactory$DisableMetricExportContextCustomizer@650eab8, org.springframework.boot.test.autoconfigure.properties.PropertyMappingContextCustomizer@4b3fa0b3, org.springframework.boot.test.autoconfigure.web.servlet.WebDriverContextCustomizerFactory$Customizer@2783717b, [ImportsContextCustomizer@7cf7aee key = [org.springframework.boot.test.autoconfigure.web.servlet.MockMvcAutoConfiguration, org.springframework.boot.test.autoconfigure.web.servlet.MockMvcWebClientAutoConfiguration, org.springframework.boot.test.autoconfigure.web.servlet.MockMvcWebDriverAutoConfiguration, org.springframework.boot.autoconfigure.security.oauth2.client.servlet.OAuth2ClientAutoConfiguration, org.springframework.boot.autoconfigure.security.oauth2.resource.servlet.OAuth2ResourceServerAutoConfiguration, org.springframework.boot.autoconfigure.security.servlet.SecurityAutoConfiguration, org.springframework.boot.autoconfigure.security.servlet.SecurityFilterAutoConfiguration, org.springframework.boot.autoconfigure.security.servlet.UserDetailsServiceAutoConfiguration, org.springframework.boot.test.autoconfigure.web.servlet.MockMvcSecurityConfiguration, org.springframework.boot.test.autoconfigure.web.reactive.WebTestClientAutoConfiguration]], org.springframework.boot.test.context.filter.ExcludeFilterContextCustomizer@5536379e, org.springframework.boot.test.json.DuplicateJsonObjectContextCustomizerFactory$DuplicateJsonObjectContextCustomizer@1bc715b8, org.springframework.boot.test.mock.mockito.MockitoContextCustomizer@0, org.springframework.boot.test.web.client.TestRestTemplateContextCustomizer@16f7b4af, org.springframework.boot.test.context.SpringBootTestArgs@1, org.springframework.boot.test.context.SpringBootTestWebEnvironment@5f20155b], resourceBasePath = 'src/main/webapp', contextLoader = 'org.springframework.boot.test.context.SpringBootContextLoader', parent = [null]], attributes = map['org.springframework.test.context.web.ServletTestExecutionListener.activateListener' -> true, 'org.springframework.test.context.web.ServletTestExecutionListener.populatedRequestContextHolder' -> true, 'org.springframework.test.context.web.ServletTestExecutionListener.resetRequestContextHolder' -> true, 'org.springframework.test.context.event.ApplicationEventsTestExecutionListener.recordApplicationEvents' -> false, 'org.springframework.boot.test.mock.mockito.MockitoTestExecutionListener.mocks' -> org.mockito.internal.configuration.InjectingAnnotationEngine$$Lambda$1859/0x0000000100ad8440@43c25e89]]
Hibernate: select role0_.id as id1_1_, role0_.name as name2_1_ from roles role0_ where role0_.name=?
Hibernate: insert into users (email, first_name, last_name, password) values (?, ?, ?, ?)
Hibernate: insert into users_roles (user_id, role_id) values (?, ?)
Hibernate: select user0_.id as id1_4_0_, user0_.email as email2_4_0_, user0_.first_name as first_na3_4_0_, user0_.last_name as last_nam4_4_0_, user0_.password as password5_4_0_ from users user0_ where user0_.id=?
Hibernate: select roles0_.user_id as user_id1_5_0_, roles0_.role_id as role_id2_5_0_, role1_.id as id1_1_1_, role1_.name as name2_1_1_ from users_roles roles0_ inner join roles role1_ on roles0_.role_id=role1_.id where roles0_.user_id=?
Hibernate: delete from users_roles where user_id=?
Hibernate: delete from users where id=?
]]></system-out>
  <system-err><![CDATA[]]></system-err>
</testsuite>
