<?xml version="1.0" encoding="UTF-8"?>
<testsuite name="our.war.help.config.FormatterDateForDataBaseTest" tests="1" skipped="0" failures="0" errors="0" timestamp="2023-03-09T16:55:20" hostname="acer-Aspire-V3-574G" time="0.042">
  <properties/>
  <testcase name="formatterDefault()" classname="our.war.help.config.FormatterDateForDataBaseTest" time="0.042"/>
  <system-out><![CDATA[]]></system-out>
  <system-err><![CDATA[]]></system-err>
</testsuite>
